<?xml version="1.0" encoding="UTF-8"?>
<!-- Generated by org.testng.reporters.JUnitReportReporter -->
<testsuite skipped="0" hostname="KATHYAYANIs-MacBook-Pro.local" name="SeleniumAdvanced.ExcelLogin" tests="1" failures="0" timestamp="13 Aug 2020 14:42:29 GMT" time="13.816" errors="0">
  <testcase name="login" time="13.816" classname="SeleniumAdvanced.ExcelLogin"/>
</testsuite> <!-- SeleniumAdvanced.ExcelLogin -->
