<?xml version="1.0" encoding="UTF-8"?>
<!-- Generated by org.testng.reporters.JUnitReportReporter -->
<testsuite skipped="0" hostname="KATHYAYANIs-MacBook-Pro.local" name="com.testNG.ParallelExecution1" tests="3" failures="0" timestamp="10 Aug 2020 15:03:45 GMT" time="0.020" errors="0">
  <testcase name="testCase4" time="0.013" classname="com.testNG.ParallelExecution1"/>
  <testcase name="testCase5" time="0.002" classname="com.testNG.ParallelExecution1"/>
  <testcase name="testCase6" time="0.005" classname="com.testNG.ParallelExecution1"/>
</testsuite> <!-- com.testNG.ParallelExecution1 -->
