<?xml version="1.0" encoding="UTF-8"?>
<!-- Generated by org.testng.reporters.JUnitReportReporter -->
<testsuite skipped="0" hostname="KATHYAYANIs-MacBook-Pro.local" name="com.testNG.SampleTestCase" tests="3" failures="0" timestamp="10 Aug 2020 14:54:27 GMT" time="0.020" errors="0">
  <testcase name="testCase3" time="0.001" classname="com.testNG.SampleTestCase"/>
  <testcase name="testCase1" time="0.017" classname="com.testNG.SampleTestCase"/>
  <testcase name="testCase2" time="0.002" classname="com.testNG.SampleTestCase"/>
</testsuite> <!-- com.testNG.SampleTestCase -->
