<?xml version="1.0" encoding="UTF-8"?>
<!-- Generated by org.testng.reporters.JUnitReportReporter -->
<testsuite skipped="0" hostname="KATHYAYANIs-MacBook-Pro.local" name="com.testNG.PriorityTestCase" tests="3" failures="0" timestamp="10 Aug 2020 14:58:01 GMT" time="0.015" errors="0">
  <testcase name="testCase2" time="0.011" classname="com.testNG.PriorityTestCase"/>
  <testcase name="testCase3" time="0.002" classname="com.testNG.PriorityTestCase"/>
  <testcase name="testCase1" time="0.002" classname="com.testNG.PriorityTestCase"/>
</testsuite> <!-- com.testNG.PriorityTestCase -->
