<?xml version="1.0" encoding="UTF-8"?>
<!-- Generated by org.testng.reporters.JUnitReportReporter -->
<testsuite skipped="0" hostname="KATHYAYANIs-MacBook-Pro.local" name="com.testNG.ParallelExecution" tests="3" failures="0" timestamp="10 Aug 2020 15:03:40 GMT" time="0.017" errors="0">
  <testcase name="testCase1" time="0.013" classname="com.testNG.ParallelExecution"/>
  <testcase name="testCase2" time="0.002" classname="com.testNG.ParallelExecution"/>
  <testcase name="testCase3" time="0.002" classname="com.testNG.ParallelExecution"/>
</testsuite> <!-- com.testNG.ParallelExecution -->
