<?xml version="1.0" encoding="UTF-8"?>
<!-- Generated by org.testng.reporters.JUnitReportReporter -->
<testsuite skipped="0" hostname="KATHYAYANIs-MacBook-Pro.local" name="com.testNG.DependsonMethod" tests="3" failures="0" timestamp="13 Aug 2020 04:48:39 GMT" time="0.013" errors="0">
  <testcase name="logout" time="0.001" classname="com.testNG.DependsonMethod"/>
  <testcase name="login" time="0.010" classname="com.testNG.DependsonMethod"/>
  <testcase name="search" time="0.002" classname="com.testNG.DependsonMethod"/>
</testsuite> <!-- com.testNG.DependsonMethod -->
